<?xml version="1.0" encoding="UTF-8"?>
<coverage generated="1760563958317" clover="3.2.0">
  <project timestamp="1760563958317" name="All files">
    <metrics statements="180" coveredstatements="171" conditionals="54" coveredconditionals="50" methods="53" coveredmethods="45" elements="287" coveredelements="266" complexity="0" loc="180" ncloc="180" packages="4" files="11" classes="11"/>
    <package name="components.todo">
      <metrics statements="26" coveredstatements="24" conditionals="11" coveredconditionals="10" methods="8" coveredmethods="7"/>
      <file name="TodoForm.tsx" path="/Users/mia/Desktop/app/todo_app/src/components/todo/TodoForm.tsx">
        <metrics statements="26" coveredstatements="24" conditionals="11" coveredconditionals="10" methods="8" coveredmethods="7"/>
        <line num="11" count="1" type="stmt"/>
        <line num="12" count="1" type="stmt"/>
        <line num="19" count="1" type="stmt"/>
        <line num="20" count="1" type="stmt"/>
        <line num="21" count="1" type="stmt"/>
        <line num="22" count="1" type="stmt"/>
        <line num="29" count="1" type="stmt"/>
        <line num="30" count="1" type="stmt"/>
        <line num="39" count="1" type="stmt"/>
        <line num="45" count="47" type="stmt"/>
        <line num="54" count="47" type="stmt"/>
        <line num="55" count="6" type="cond" truecount="2" falsecount="0"/>
        <line num="56" count="1" type="stmt"/>
        <line num="61" count="5" type="stmt"/>
        <line num="71" count="47" type="stmt"/>
        <line num="72" count="1" type="stmt"/>
        <line num="75" count="1" type="cond" truecount="4" falsecount="1"/>
        <line num="76" count="0" type="stmt"/>
        <line num="79" count="1" type="stmt"/>
        <line num="80" count="1" type="stmt"/>
        <line num="83" count="47" type="stmt"/>
        <line num="101" count="9" type="stmt"/>
        <line num="115" count="24" type="stmt"/>
        <line num="131" count="2" type="stmt"/>
        <line num="143" count="0" type="stmt"/>
        <line num="164" count="1" type="stmt"/>
      </file>
    </package>
    <package name="components.ui">
      <metrics statements="67" coveredstatements="61" conditionals="9" coveredconditionals="8" methods="25" coveredmethods="19"/>
      <file name="button.tsx" path="/Users/mia/Desktop/app/todo_app/src/components/ui/button.tsx">
        <metrics statements="7" coveredstatements="7" conditionals="3" coveredconditionals="2" methods="1" coveredmethods="1"/>
        <line num="2" count="1" type="stmt"/>
        <line num="3" count="1" type="stmt"/>
        <line num="5" count="1" type="stmt"/>
        <line num="7" count="1" type="stmt"/>
        <line num="47" count="94" type="cond" truecount="1" falsecount="1"/>
        <line num="49" count="94" type="stmt"/>
        <line num="58" count="1" type="stmt"/>
      </file>
      <file name="dialog.tsx" path="/Users/mia/Desktop/app/todo_app/src/components/ui/dialog.tsx">
        <metrics statements="23" coveredstatements="20" conditionals="0" coveredconditionals="0" methods="10" coveredmethods="7"/>
        <line num="4" count="1" type="stmt"/>
        <line num="5" count="1" type="stmt"/>
        <line num="7" count="1" type="stmt"/>
        <line num="12" count="47" type="stmt"/>
        <line num="18" count="0" type="stmt"/>
        <line num="24" count="47" type="stmt"/>
        <line num="30" count="0" type="stmt"/>
        <line num="37" count="47" type="stmt"/>
        <line num="54" count="47" type="stmt"/>
        <line num="76" count="47" type="stmt"/>
        <line num="86" count="47" type="stmt"/>
        <line num="102" count="47" type="stmt"/>
        <line num="115" count="0" type="stmt"/>
        <line num="125" count="1" type="stmt"/>
        <line num="126" count="1" type="stmt"/>
        <line num="127" count="1" type="stmt"/>
        <line num="128" count="1" type="stmt"/>
        <line num="129" count="1" type="stmt"/>
        <line num="130" count="1" type="stmt"/>
        <line num="131" count="1" type="stmt"/>
        <line num="132" count="1" type="stmt"/>
        <line num="133" count="1" type="stmt"/>
        <line num="134" count="1" type="stmt"/>
      </file>
      <file name="input.tsx" path="/Users/mia/Desktop/app/todo_app/src/components/ui/input.tsx">
        <metrics statements="3" coveredstatements="3" conditionals="0" coveredconditionals="0" methods="1" coveredmethods="1"/>
        <line num="3" count="1" type="stmt"/>
        <line num="6" count="94" type="stmt"/>
        <line num="21" count="1" type="stmt"/>
      </file>
      <file name="label.tsx" path="/Users/mia/Desktop/app/todo_app/src/components/ui/label.tsx">
        <metrics statements="4" coveredstatements="4" conditionals="0" coveredconditionals="0" methods="1" coveredmethods="1"/>
        <line num="4" count="1" type="stmt"/>
        <line num="6" count="1" type="stmt"/>
        <line num="12" count="188" type="stmt"/>
        <line num="24" count="1" type="stmt"/>
      </file>
      <file name="select.tsx" path="/Users/mia/Desktop/app/todo_app/src/components/ui/select.tsx">
        <metrics statements="23" coveredstatements="20" conditionals="6" coveredconditionals="6" methods="10" coveredmethods="7"/>
        <line num="4" count="1" type="stmt"/>
        <line num="5" count="1" type="stmt"/>
        <line num="7" count="1" type="stmt"/>
        <line num="12" count="47" type="stmt"/>
        <line num="18" count="0" type="stmt"/>
        <line num="24" count="47" type="stmt"/>
        <line num="35" count="47" type="stmt"/>
        <line num="59" count="47" type="stmt"/>
        <line num="92" count="0" type="stmt"/>
        <line num="106" count="141" type="stmt"/>
        <line num="129" count="0" type="stmt"/>
        <line num="142" count="47" type="stmt"/>
        <line num="160" count="47" type="stmt"/>
        <line num="175" count="1" type="stmt"/>
        <line num="176" count="1" type="stmt"/>
        <line num="177" count="1" type="stmt"/>
        <line num="178" count="1" type="stmt"/>
        <line num="179" count="1" type="stmt"/>
        <line num="180" count="1" type="stmt"/>
        <line num="181" count="1" type="stmt"/>
        <line num="182" count="1" type="stmt"/>
        <line num="183" count="1" type="stmt"/>
        <line num="184" count="1" type="stmt"/>
      </file>
      <file name="textarea.tsx" path="/Users/mia/Desktop/app/todo_app/src/components/ui/textarea.tsx">
        <metrics statements="3" coveredstatements="3" conditionals="0" coveredconditionals="0" methods="1" coveredmethods="1"/>
        <line num="3" count="1" type="stmt"/>
        <line num="6" count="47" type="stmt"/>
        <line num="18" count="1" type="stmt"/>
      </file>
      <file name="utils.ts" path="/Users/mia/Desktop/app/todo_app/src/components/ui/utils.ts">
        <metrics statements="4" coveredstatements="4" conditionals="0" coveredconditionals="0" methods="1" coveredmethods="1"/>
        <line num="1" count="1" type="stmt"/>
        <line num="2" count="1" type="stmt"/>
        <line num="4" count="1" type="stmt"/>
        <line num="5" count="1034" type="stmt"/>
      </file>
    </package>
    <package name="lib">
      <metrics statements="68" coveredstatements="67" conditionals="26" coveredconditionals="24" methods="16" coveredmethods="15"/>
      <file name="dateUtils.ts" path="/Users/mia/Desktop/app/todo_app/src/lib/dateUtils.ts">
        <metrics statements="39" coveredstatements="39" conditionals="14" coveredconditionals="14" methods="4" coveredmethods="4"/>
        <line num="19" count="2" type="stmt"/>
        <line num="20" count="2" type="stmt"/>
        <line num="21" count="2" type="stmt"/>
        <line num="31" count="2" type="stmt"/>
        <line num="32" count="4" type="cond" truecount="2" falsecount="0"/>
        <line num="34" count="3" type="stmt"/>
        <line num="35" count="3" type="stmt"/>
        <line num="36" count="3" type="stmt"/>
        <line num="38" count="3" type="stmt"/>
        <line num="45" count="2" type="stmt"/>
        <line num="50" count="9" type="stmt"/>
        <line num="51" count="9" type="stmt"/>
        <line num="53" count="9" type="cond" truecount="6" falsecount="0"/>
        <line num="55" count="1" type="stmt"/>
        <line num="56" count="1" type="stmt"/>
        <line num="57" count="1" type="stmt"/>
        <line num="61" count="1" type="stmt"/>
        <line num="62" count="1" type="stmt"/>
        <line num="63" count="1" type="stmt"/>
        <line num="64" count="1" type="stmt"/>
        <line num="68" count="1" type="stmt"/>
        <line num="69" count="1" type="stmt"/>
        <line num="70" count="1" type="stmt"/>
        <line num="74" count="1" type="stmt"/>
        <line num="75" count="1" type="stmt"/>
        <line num="76" count="1" type="stmt"/>
        <line num="77" count="1" type="stmt"/>
        <line num="81" count="3" type="cond" truecount="4" falsecount="0"/>
        <line num="82" count="2" type="stmt"/>
        <line num="83" count="2" type="stmt"/>
        <line num="84" count="2" type="stmt"/>
        <line num="85" count="2" type="stmt"/>
        <line num="86" count="2" type="stmt"/>
        <line num="88" count="1" type="stmt"/>
        <line num="92" count="2" type="stmt"/>
        <line num="99" count="2" type="stmt"/>
        <line num="100" count="6" type="stmt"/>
        <line num="101" count="6" type="stmt"/>
        <line num="102" count="6" type="cond" truecount="2" falsecount="0"/>
      </file>
      <file name="filterUtils.ts" path="/Users/mia/Desktop/app/todo_app/src/lib/filterUtils.ts">
        <metrics statements="29" coveredstatements="28" conditionals="12" coveredconditionals="10" methods="12" coveredmethods="11"/>
        <line num="10" count="1" type="stmt"/>
        <line num="11" count="1" type="stmt"/>
        <line num="18" count="1" type="stmt"/>
        <line num="19" count="5" type="cond" truecount="2" falsecount="0"/>
        <line num="21" count="2" type="stmt"/>
        <line num="22" count="2" type="stmt"/>
        <line num="24" count="6" type="cond" truecount="2" falsecount="0"/>
        <line num="32" count="1" type="stmt"/>
        <line num="33" count="5" type="cond" truecount="2" falsecount="0"/>
        <line num="34" count="3" type="stmt"/>
        <line num="40" count="1" type="stmt"/>
        <line num="46" count="5" type="cond" truecount="2" falsecount="0"/>
        <line num="48" count="1" type="stmt"/>
        <line num="49" count="1" type="cond" truecount="1" falsecount="1"/>
        <line num="51" count="3" type="stmt"/>
        <line num="54" count="1" type="cond" truecount="1" falsecount="1"/>
        <line num="55" count="0" type="stmt"/>
        <line num="58" count="1" type="stmt"/>
        <line num="65" count="1" type="stmt"/>
        <line num="66" count="5" type="stmt"/>
        <line num="69" count="5" type="stmt"/>
        <line num="70" count="5" type="stmt"/>
        <line num="71" count="5" type="stmt"/>
        <line num="78" count="5" type="stmt"/>
        <line num="84" count="1" type="stmt"/>
        <line num="85" count="2" type="stmt"/>
        <line num="87" count="3" type="stmt"/>
        <line num="88" count="3" type="stmt"/>
        <line num="89" count="3" type="stmt"/>
      </file>
    </package>
    <package name="types">
      <metrics statements="19" coveredstatements="19" conditionals="8" coveredconditionals="8" methods="4" coveredmethods="4"/>
      <file name="todo.ts" path="/Users/mia/Desktop/app/todo_app/src/types/todo.ts">
        <metrics statements="19" coveredstatements="19" conditionals="8" coveredconditionals="8" methods="4" coveredmethods="4"/>
        <line num="13" count="2" type="cond" truecount="2" falsecount="0"/>
        <line num="14" count="2" type="stmt"/>
        <line num="15" count="2" type="stmt"/>
        <line num="16" count="2" type="stmt"/>
        <line num="23" count="2" type="cond" truecount="2" falsecount="0"/>
        <line num="24" count="2" type="stmt"/>
        <line num="25" count="2" type="stmt"/>
        <line num="45" count="2" type="cond" truecount="2" falsecount="0"/>
        <line num="46" count="2" type="stmt"/>
        <line num="47" count="2" type="stmt"/>
        <line num="48" count="2" type="stmt"/>
        <line num="49" count="2" type="stmt"/>
        <line num="50" count="2" type="stmt"/>
        <line num="51" count="2" type="stmt"/>
        <line num="58" count="2" type="cond" truecount="2" falsecount="0"/>
        <line num="59" count="2" type="stmt"/>
        <line num="60" count="2" type="stmt"/>
        <line num="61" count="2" type="stmt"/>
        <line num="62" count="2" type="stmt"/>
      </file>
    </package>
  </project>
</coverage>
