{"/Users/mia/Desktop/app/todo_app/src/components/todo/TodoForm.tsx": {"path":"/Users/mia/Desktop/app/todo_app/src/components/todo/TodoForm.tsx","statementMap":{"0":{"start":{"line":39,"column":0},"end":{"line":39,"column":16}},"1":{"start":{"line":11,"column":0},"end":{"line":11,"column":51}},"2":{"start":{"line":12,"column":0},"end":{"line":12,"column":null}},"3":{"start":{"line":19,"column":0},"end":{"line":19,"column":38}},"4":{"start":{"line":20,"column":0},"end":{"line":20,"column":36}},"5":{"start":{"line":21,"column":0},"end":{"line":21,"column":36}},"6":{"start":{"line":22,"column":0},"end":{"line":22,"column":null}},"7":{"start":{"line":29,"column":0},"end":{"line":29,"column":42}},"8":{"start":{"line":30,"column":0},"end":{"line":30,"column":51}},"9":{"start":{"line":45,"column":34},"end":{"line":51,"column":4}},"10":{"start":{"line":54,"column":2},"end":{"line":69,"column":26}},"11":{"start":{"line":55,"column":4},"end":{"line":68,"column":5}},"12":{"start":{"line":56,"column":6},"end":{"line":59,"column":9}},"13":{"start":{"line":61,"column":6},"end":{"line":67,"column":9}},"14":{"start":{"line":71,"column":23},"end":{"line":81,"column":3}},"15":{"start":{"line":72,"column":4},"end":{"line":72,"column":23}},"16":{"start":{"line":75,"column":4},"end":{"line":77,"column":5}},"17":{"start":{"line":76,"column":6},"end":{"line":76,"column":13}},"18":{"start":{"line":79,"column":4},"end":{"line":79,"column":21}},"19":{"start":{"line":80,"column":4},"end":{"line":80,"column":24}},"20":{"start":{"line":83,"column":2},"end":{"line":173,"column":4}},"21":{"start":{"line":101,"column":18},"end":{"line":101,"column":70}},"22":{"start":{"line":115,"column":18},"end":{"line":115,"column":75}},"23":{"start":{"line":131,"column":18},"end":{"line":131,"column":71}},"24":{"start":{"line":143,"column":18},"end":{"line":143,"column":60}},"25":{"start":{"line":164,"column":29},"end":{"line":164,"column":48}}},"fnMap":{"0":{"name":"TodoForm","decl":{"start":{"line":39,"column":16},"end":{"line":39,"column":24}},"loc":{"start":{"line":44,"column":16},"end":{"line":174,"column":1}}},"1":{"name":"(anonymous_1)","decl":{"start":{"line":54,"column":12},"end":{"line":54,"column":15}},"loc":{"start":{"line":54,"column":17},"end":{"line":69,"column":3}}},"2":{"name":"(anonymous_2)","decl":{"start":{"line":71,"column":23},"end":{"line":71,"column":24}},"loc":{"start":{"line":71,"column":69},"end":{"line":81,"column":3}}},"3":{"name":"(anonymous_3)","decl":{"start":{"line":100,"column":26},"end":{"line":100,"column":27}},"loc":{"start":{"line":101,"column":18},"end":{"line":101,"column":70}}},"4":{"name":"(anonymous_4)","decl":{"start":{"line":114,"column":26},"end":{"line":114,"column":27}},"loc":{"start":{"line":115,"column":18},"end":{"line":115,"column":75}}},"5":{"name":"(anonymous_5)","decl":{"start":{"line":130,"column":26},"end":{"line":130,"column":27}},"loc":{"start":{"line":131,"column":18},"end":{"line":131,"column":71}}},"6":{"name":"(anonymous_6)","decl":{"start":{"line":142,"column":31},"end":{"line":142,"column":32}},"loc":{"start":{"line":143,"column":18},"end":{"line":143,"column":60}}},"7":{"name":"(anonymous_7)","decl":{"start":{"line":164,"column":23},"end":{"line":164,"column":26}},"loc":{"start":{"line":164,"column":29},"end":{"line":164,"column":48}}}},"branchMap":{"0":{"loc":{"start":{"line":55,"column":4},"end":{"line":68,"column":5}},"type":"if","locations":[{"start":{"line":55,"column":4},"end":{"line":68,"column":5}},{"start":{"line":60,"column":11},"end":{"line":68,"column":5}}]},"1":{"loc":{"start":{"line":75,"column":4},"end":{"line":77,"column":5}},"type":"if","locations":[{"start":{"line":75,"column":4},"end":{"line":77,"column":5}},{"start":{},"end":{}}]},"2":{"loc":{"start":{"line":75,"column":8},"end":{"line":75,"column":70}},"type":"binary-expr","locations":[{"start":{"line":75,"column":8},"end":{"line":75,"column":24}},{"start":{"line":75,"column":28},"end":{"line":75,"column":49}},{"start":{"line":75,"column":53},"end":{"line":75,"column":70}}]},"3":{"loc":{"start":{"line":88,"column":13},"end":{"line":88,"column":55}},"type":"cond-expr","locations":[{"start":{"line":88,"column":27},"end":{"line":88,"column":38}},{"start":{"line":88,"column":41},"end":{"line":88,"column":55}}]},"4":{"loc":{"start":{"line":168,"column":35},"end":{"line":168,"column":65}},"type":"cond-expr","locations":[{"start":{"line":168,"column":49},"end":{"line":168,"column":57}},{"start":{"line":168,"column":60},"end":{"line":168,"column":65}}]}},"s":{"0":1,"1":1,"2":1,"3":1,"4":1,"5":1,"6":1,"7":1,"8":1,"9":47,"10":47,"11":6,"12":1,"13":5,"14":47,"15":1,"16":1,"17":0,"18":1,"19":1,"20":47,"21":9,"22":24,"23":2,"24":0,"25":1},"f":{"0":47,"1":6,"2":1,"3":9,"4":24,"5":2,"6":0,"7":1},"b":{"0":[1,5],"1":[0,1],"2":[1,1,1],"3":[2,45],"4":[2,45]}}
,"/Users/mia/Desktop/app/todo_app/src/components/ui/button.tsx": {"path":"/Users/mia/Desktop/app/todo_app/src/components/ui/button.tsx","statementMap":{"0":{"start":{"line":58,"column":9},"end":{"line":58,"column":15}},"1":{"start":{"line":2,"column":0},"end":{"line":2,"column":44}},"2":{"start":{"line":3,"column":0},"end":{"line":3,"column":66}},"3":{"start":{"line":5,"column":0},"end":{"line":5,"column":29}},"4":{"start":{"line":7,"column":23},"end":{"line":34,"column":null}},"5":{"start":{"line":58,"column":17},"end":{"line":58,"column":31}},"6":{"start":{"line":47,"column":15},"end":{"line":47,"column":40}},"7":{"start":{"line":49,"column":2},"end":{"line":55,"column":4}}},"fnMap":{"0":{"name":"Button","decl":{"start":{"line":37,"column":9},"end":{"line":37,"column":15}},"loc":{"start":{"line":46,"column":3},"end":{"line":56,"column":1}}}},"branchMap":{"0":{"loc":{"start":{"line":41,"column":2},"end":{"line":41,"column":17}},"type":"default-arg","locations":[{"start":{"line":41,"column":12},"end":{"line":41,"column":17}}]},"1":{"loc":{"start":{"line":47,"column":15},"end":{"line":47,"column":40}},"type":"cond-expr","locations":[{"start":{"line":47,"column":25},"end":{"line":47,"column":29}},{"start":{"line":47,"column":32},"end":{"line":47,"column":40}}]}},"s":{"0":1,"1":1,"2":1,"3":1,"4":1,"5":1,"6":94,"7":94},"f":{"0":94},"b":{"0":[94],"1":[0,94]}}
,"/Users/mia/Desktop/app/todo_app/src/components/ui/dialog.tsx": {"path":"/Users/mia/Desktop/app/todo_app/src/components/ui/dialog.tsx","statementMap":{"0":{"start":{"line":125,"column":2},"end":{"line":125,"column":8}},"1":{"start":{"line":126,"column":2},"end":{"line":126,"column":13}},"2":{"start":{"line":127,"column":2},"end":{"line":127,"column":15}},"3":{"start":{"line":128,"column":2},"end":{"line":128,"column":19}},"4":{"start":{"line":129,"column":2},"end":{"line":129,"column":14}},"5":{"start":{"line":130,"column":2},"end":{"line":130,"column":14}},"6":{"start":{"line":131,"column":2},"end":{"line":131,"column":15}},"7":{"start":{"line":132,"column":2},"end":{"line":132,"column":14}},"8":{"start":{"line":133,"column":2},"end":{"line":133,"column":13}},"9":{"start":{"line":134,"column":2},"end":{"line":134,"column":15}},"10":{"start":{"line":4,"column":0},"end":{"line":4,"column":58}},"11":{"start":{"line":5,"column":0},"end":{"line":5,"column":37}},"12":{"start":{"line":7,"column":0},"end":{"line":7,"column":29}},"13":{"start":{"line":12,"column":2},"end":{"line":12,"column":64}},"14":{"start":{"line":18,"column":2},"end":{"line":18,"column":75}},"15":{"start":{"line":24,"column":2},"end":{"line":24,"column":73}},"16":{"start":{"line":30,"column":2},"end":{"line":30,"column":71}},"17":{"start":{"line":37,"column":2},"end":{"line":46,"column":4}},"18":{"start":{"line":54,"column":2},"end":{"line":72,"column":4}},"19":{"start":{"line":76,"column":2},"end":{"line":82,"column":4}},"20":{"start":{"line":86,"column":2},"end":{"line":95,"column":4}},"21":{"start":{"line":102,"column":2},"end":{"line":108,"column":4}},"22":{"start":{"line":115,"column":2},"end":{"line":121,"column":4}}},"fnMap":{"0":{"name":"Dialog","decl":{"start":{"line":9,"column":9},"end":{"line":9,"column":15}},"loc":{"start":{"line":11,"column":52},"end":{"line":13,"column":1}}},"1":{"name":"DialogTrigger","decl":{"start":{"line":15,"column":9},"end":{"line":15,"column":22}},"loc":{"start":{"line":17,"column":55},"end":{"line":19,"column":1}}},"2":{"name":"DialogPortal","decl":{"start":{"line":21,"column":9},"end":{"line":21,"column":21}},"loc":{"start":{"line":23,"column":54},"end":{"line":25,"column":1}}},"3":{"name":"DialogClose","decl":{"start":{"line":27,"column":9},"end":{"line":27,"column":20}},"loc":{"start":{"line":29,"column":53},"end":{"line":31,"column":1}}},"4":{"name":"DialogOverlay","decl":{"start":{"line":33,"column":9},"end":{"line":33,"column":22}},"loc":{"start":{"line":36,"column":55},"end":{"line":47,"column":1}}},"5":{"name":"DialogContent","decl":{"start":{"line":49,"column":9},"end":{"line":49,"column":22}},"loc":{"start":{"line":53,"column":55},"end":{"line":73,"column":1}}},"6":{"name":"DialogHeader","decl":{"start":{"line":75,"column":9},"end":{"line":75,"column":21}},"loc":{"start":{"line":75,"column":74},"end":{"line":83,"column":1}}},"7":{"name":"DialogFooter","decl":{"start":{"line":85,"column":9},"end":{"line":85,"column":21}},"loc":{"start":{"line":85,"column":74},"end":{"line":96,"column":1}}},"8":{"name":"DialogTitle","decl":{"start":{"line":98,"column":9},"end":{"line":98,"column":20}},"loc":{"start":{"line":101,"column":53},"end":{"line":109,"column":1}}},"9":{"name":"DialogDescription","decl":{"start":{"line":111,"column":9},"end":{"line":111,"column":26}},"loc":{"start":{"line":114,"column":59},"end":{"line":122,"column":1}}}},"branchMap":{},"s":{"0":1,"1":1,"2":1,"3":1,"4":1,"5":1,"6":1,"7":1,"8":1,"9":1,"10":1,"11":1,"12":1,"13":47,"14":0,"15":47,"16":0,"17":47,"18":47,"19":47,"20":47,"21":47,"22":0},"f":{"0":47,"1":0,"2":47,"3":0,"4":47,"5":47,"6":47,"7":47,"8":47,"9":0},"b":{}}
,"/Users/mia/Desktop/app/todo_app/src/components/ui/input.tsx": {"path":"/Users/mia/Desktop/app/todo_app/src/components/ui/input.tsx","statementMap":{"0":{"start":{"line":21,"column":9},"end":{"line":21,"column":14}},"1":{"start":{"line":3,"column":0},"end":{"line":3,"column":29}},"2":{"start":{"line":6,"column":2},"end":{"line":18,"column":4}}},"fnMap":{"0":{"name":"Input","decl":{"start":{"line":5,"column":9},"end":{"line":5,"column":14}},"loc":{"start":{"line":5,"column":75},"end":{"line":19,"column":1}}}},"branchMap":{},"s":{"0":1,"1":1,"2":94},"f":{"0":94},"b":{}}
,"/Users/mia/Desktop/app/todo_app/src/components/ui/label.tsx": {"path":"/Users/mia/Desktop/app/todo_app/src/components/ui/label.tsx","statementMap":{"0":{"start":{"line":24,"column":9},"end":{"line":24,"column":14}},"1":{"start":{"line":4,"column":0},"end":{"line":4,"column":56}},"2":{"start":{"line":6,"column":0},"end":{"line":6,"column":29}},"3":{"start":{"line":12,"column":2},"end":{"line":21,"column":4}}},"fnMap":{"0":{"name":"Label","decl":{"start":{"line":8,"column":9},"end":{"line":8,"column":14}},"loc":{"start":{"line":11,"column":51},"end":{"line":22,"column":1}}}},"branchMap":{},"s":{"0":1,"1":1,"2":1,"3":188},"f":{"0":188},"b":{}}
,"/Users/mia/Desktop/app/todo_app/src/components/ui/select.tsx": {"path":"/Users/mia/Desktop/app/todo_app/src/components/ui/select.tsx","statementMap":{"0":{"start":{"line":175,"column":2},"end":{"line":175,"column":8}},"1":{"start":{"line":176,"column":2},"end":{"line":176,"column":15}},"2":{"start":{"line":177,"column":2},"end":{"line":177,"column":13}},"3":{"start":{"line":178,"column":2},"end":{"line":178,"column":12}},"4":{"start":{"line":179,"column":2},"end":{"line":179,"column":13}},"5":{"start":{"line":180,"column":2},"end":{"line":180,"column":24}},"6":{"start":{"line":181,"column":2},"end":{"line":181,"column":22}},"7":{"start":{"line":182,"column":2},"end":{"line":182,"column":17}},"8":{"start":{"line":183,"column":2},"end":{"line":183,"column":15}},"9":{"start":{"line":184,"column":2},"end":{"line":184,"column":13}},"10":{"start":{"line":4,"column":0},"end":{"line":4,"column":58}},"11":{"start":{"line":5,"column":0},"end":{"line":5,"column":73}},"12":{"start":{"line":7,"column":0},"end":{"line":7,"column":29}},"13":{"start":{"line":12,"column":2},"end":{"line":12,"column":64}},"14":{"start":{"line":18,"column":2},"end":{"line":18,"column":71}},"15":{"start":{"line":24,"column":2},"end":{"line":24,"column":71}},"16":{"start":{"line":35,"column":2},"end":{"line":50,"column":4}},"17":{"start":{"line":59,"column":2},"end":{"line":85,"column":4}},"18":{"start":{"line":92,"column":2},"end":{"line":98,"column":4}},"19":{"start":{"line":106,"column":2},"end":{"line":122,"column":4}},"20":{"start":{"line":129,"column":2},"end":{"line":135,"column":4}},"21":{"start":{"line":142,"column":2},"end":{"line":153,"column":4}},"22":{"start":{"line":160,"column":2},"end":{"line":171,"column":4}}},"fnMap":{"0":{"name":"Select","decl":{"start":{"line":9,"column":9},"end":{"line":9,"column":15}},"loc":{"start":{"line":11,"column":52},"end":{"line":13,"column":1}}},"1":{"name":"SelectGroup","decl":{"start":{"line":15,"column":9},"end":{"line":15,"column":20}},"loc":{"start":{"line":17,"column":53},"end":{"line":19,"column":1}}},"2":{"name":"SelectValue","decl":{"start":{"line":21,"column":9},"end":{"line":21,"column":20}},"loc":{"start":{"line":23,"column":53},"end":{"line":25,"column":1}}},"3":{"name":"SelectTrigger","decl":{"start":{"line":27,"column":9},"end":{"line":27,"column":22}},"loc":{"start":{"line":34,"column":1},"end":{"line":51,"column":1}}},"4":{"name":"SelectContent","decl":{"start":{"line":53,"column":9},"end":{"line":53,"column":22}},"loc":{"start":{"line":58,"column":55},"end":{"line":86,"column":1}}},"5":{"name":"SelectLabel","decl":{"start":{"line":88,"column":9},"end":{"line":88,"column":20}},"loc":{"start":{"line":91,"column":53},"end":{"line":99,"column":1}}},"6":{"name":"SelectItem","decl":{"start":{"line":101,"column":9},"end":{"line":101,"column":19}},"loc":{"start":{"line":105,"column":52},"end":{"line":123,"column":1}}},"7":{"name":"SelectSeparator","decl":{"start":{"line":125,"column":9},"end":{"line":125,"column":24}},"loc":{"start":{"line":128,"column":57},"end":{"line":136,"column":1}}},"8":{"name":"SelectScrollUpButton","decl":{"start":{"line":138,"column":9},"end":{"line":138,"column":29}},"loc":{"start":{"line":141,"column":62},"end":{"line":154,"column":1}}},"9":{"name":"SelectScrollDownButton","decl":{"start":{"line":156,"column":9},"end":{"line":156,"column":31}},"loc":{"start":{"line":159,"column":64},"end":{"line":172,"column":1}}}},"branchMap":{"0":{"loc":{"start":{"line":29,"column":2},"end":{"line":29,"column":18}},"type":"default-arg","locations":[{"start":{"line":29,"column":9},"end":{"line":29,"column":18}}]},"1":{"loc":{"start":{"line":56,"column":2},"end":{"line":56,"column":21}},"type":"default-arg","locations":[{"start":{"line":56,"column":13},"end":{"line":56,"column":21}}]},"2":{"loc":{"start":{"line":65,"column":10},"end":{"line":66,"column":141}},"type":"binary-expr","locations":[{"start":{"line":65,"column":10},"end":{"line":65,"column":31}},{"start":{"line":66,"column":12},"end":{"line":66,"column":141}}]},"3":{"loc":{"start":{"line":76,"column":12},"end":{"line":77,"column":115}},"type":"binary-expr","locations":[{"start":{"line":76,"column":12},"end":{"line":76,"column":33}},{"start":{"line":77,"column":14},"end":{"line":77,"column":115}}]}},"s":{"0":1,"1":1,"2":1,"3":1,"4":1,"5":1,"6":1,"7":1,"8":1,"9":1,"10":1,"11":1,"12":1,"13":47,"14":0,"15":47,"16":47,"17":47,"18":0,"19":141,"20":0,"21":47,"22":47},"f":{"0":47,"1":0,"2":47,"3":47,"4":47,"5":0,"6":141,"7":0,"8":47,"9":47},"b":{"0":[47],"1":[47],"2":[47,47],"3":[47,47]}}
,"/Users/mia/Desktop/app/todo_app/src/components/ui/textarea.tsx": {"path":"/Users/mia/Desktop/app/todo_app/src/components/ui/textarea.tsx","statementMap":{"0":{"start":{"line":18,"column":9},"end":{"line":18,"column":17}},"1":{"start":{"line":3,"column":0},"end":{"line":3,"column":29}},"2":{"start":{"line":6,"column":2},"end":{"line":15,"column":4}}},"fnMap":{"0":{"name":"Textarea","decl":{"start":{"line":5,"column":9},"end":{"line":5,"column":17}},"loc":{"start":{"line":5,"column":75},"end":{"line":16,"column":1}}}},"branchMap":{},"s":{"0":1,"1":1,"2":47},"f":{"0":47},"b":{}}
,"/Users/mia/Desktop/app/todo_app/src/components/ui/utils.ts": {"path":"/Users/mia/Desktop/app/todo_app/src/components/ui/utils.ts","statementMap":{"0":{"start":{"line":4,"column":0},"end":{"line":4,"column":16}},"1":{"start":{"line":1,"column":0},"end":{"line":1,"column":45}},"2":{"start":{"line":2,"column":0},"end":{"line":2,"column":41}},"3":{"start":{"line":5,"column":2},"end":{"line":5,"column":31}}},"fnMap":{"0":{"name":"cn","decl":{"start":{"line":4,"column":16},"end":{"line":4,"column":18}},"loc":{"start":{"line":4,"column":42},"end":{"line":6,"column":1}}}},"branchMap":{},"s":{"0":1,"1":1,"2":1,"3":1034},"f":{"0":1034},"b":{}}
,"/Users/mia/Desktop/app/todo_app/src/lib/dateUtils.ts": {"path":"/Users/mia/Desktop/app/todo_app/src/lib/dateUtils.ts","statementMap":{"0":{"start":{"line":19,"column":0},"end":{"line":19,"column":16}},"1":{"start":{"line":31,"column":0},"end":{"line":31,"column":16}},"2":{"start":{"line":45,"column":0},"end":{"line":45,"column":16}},"3":{"start":{"line":99,"column":0},"end":{"line":99,"column":16}},"4":{"start":{"line":20,"column":15},"end":{"line":20,"column":35}},"5":{"start":{"line":21,"column":2},"end":{"line":25,"column":5}},"6":{"start":{"line":32,"column":2},"end":{"line":32,"column":27}},"7":{"start":{"line":32,"column":14},"end":{"line":32,"column":27}},"8":{"start":{"line":34,"column":14},"end":{"line":34,"column":31}},"9":{"start":{"line":35,"column":16},"end":{"line":35,"column":26}},"10":{"start":{"line":36,"column":2},"end":{"line":36,"column":29}},"11":{"start":{"line":38,"column":2},"end":{"line":38,"column":21}},"12":{"start":{"line":50,"column":16},"end":{"line":50,"column":26}},"13":{"start":{"line":51,"column":2},"end":{"line":51,"column":29}},"14":{"start":{"line":53,"column":2},"end":{"line":93,"column":3}},"15":{"start":{"line":55,"column":23},"end":{"line":55,"column":38}},"16":{"start":{"line":56,"column":6},"end":{"line":56,"column":41}},"17":{"start":{"line":57,"column":6},"end":{"line":57,"column":45}},"18":{"start":{"line":61,"column":24},"end":{"line":61,"column":39}},"19":{"start":{"line":62,"column":6},"end":{"line":62,"column":64}},"20":{"start":{"line":63,"column":6},"end":{"line":63,"column":42}},"21":{"start":{"line":64,"column":6},"end":{"line":64,"column":46}},"22":{"start":{"line":68,"column":25},"end":{"line":68,"column":79}},"23":{"start":{"line":69,"column":6},"end":{"line":69,"column":43}},"24":{"start":{"line":70,"column":6},"end":{"line":70,"column":47}},"25":{"start":{"line":74,"column":24},"end":{"line":74,"column":39}},"26":{"start":{"line":75,"column":6},"end":{"line":75,"column":45}},"27":{"start":{"line":76,"column":6},"end":{"line":76,"column":42}},"28":{"start":{"line":77,"column":6},"end":{"line":77,"column":52}},"29":{"start":{"line":81,"column":6},"end":{"line":87,"column":7}},"30":{"start":{"line":82,"column":22},"end":{"line":82,"column":42}},"31":{"start":{"line":83,"column":8},"end":{"line":83,"column":35}},"32":{"start":{"line":84,"column":20},"end":{"line":84,"column":38}},"33":{"start":{"line":85,"column":8},"end":{"line":85,"column":38}},"34":{"start":{"line":86,"column":8},"end":{"line":86,"column":30}},"35":{"start":{"line":88,"column":6},"end":{"line":88,"column":18}},"36":{"start":{"line":92,"column":6},"end":{"line":92,"column":18}},"37":{"start":{"line":100,"column":20},"end":{"line":100,"column":34}},"38":{"start":{"line":101,"column":2},"end":{"line":101,"column":33}},"39":{"start":{"line":102,"column":2},"end":{"line":102,"column":60}}},"fnMap":{"0":{"name":"formatDate","decl":{"start":{"line":19,"column":16},"end":{"line":19,"column":26}},"loc":{"start":{"line":19,"column":45},"end":{"line":26,"column":1}}},"1":{"name":"isOverdue","decl":{"start":{"line":31,"column":16},"end":{"line":31,"column":25}},"loc":{"start":{"line":31,"column":58},"end":{"line":39,"column":1}}},"2":{"name":"getDateRange","decl":{"start":{"line":45,"column":16},"end":{"line":45,"column":28}},"loc":{"start":{"line":48,"column":19},"end":{"line":94,"column":1}}},"3":{"name":"isDateInRange","decl":{"start":{"line":99,"column":16},"end":{"line":99,"column":29}},"loc":{"start":{"line":99,"column":60},"end":{"line":103,"column":1}}}},"branchMap":{"0":{"loc":{"start":{"line":32,"column":2},"end":{"line":32,"column":27}},"type":"if","locations":[{"start":{"line":32,"column":2},"end":{"line":32,"column":27}},{"start":{},"end":{}}]},"1":{"loc":{"start":{"line":53,"column":2},"end":{"line":93,"column":3}},"type":"switch","locations":[{"start":{"line":54,"column":4},"end":{"line":58,"column":5}},{"start":{"line":60,"column":4},"end":{"line":65,"column":5}},{"start":{"line":67,"column":4},"end":{"line":71,"column":5}},{"start":{"line":73,"column":4},"end":{"line":78,"column":5}},{"start":{"line":80,"column":4},"end":{"line":89,"column":5}},{"start":{"line":91,"column":4},"end":{"line":92,"column":18}}]},"2":{"loc":{"start":{"line":81,"column":6},"end":{"line":87,"column":7}},"type":"if","locations":[{"start":{"line":81,"column":6},"end":{"line":87,"column":7}},{"start":{},"end":{}}]},"3":{"loc":{"start":{"line":81,"column":10},"end":{"line":81,"column":32}},"type":"binary-expr","locations":[{"start":{"line":81,"column":10},"end":{"line":81,"column":20}},{"start":{"line":81,"column":24},"end":{"line":81,"column":32}}]},"4":{"loc":{"start":{"line":102,"column":9},"end":{"line":102,"column":59}},"type":"binary-expr","locations":[{"start":{"line":102,"column":9},"end":{"line":102,"column":33}},{"start":{"line":102,"column":37},"end":{"line":102,"column":59}}]}},"s":{"0":2,"1":2,"2":2,"3":2,"4":2,"5":2,"6":4,"7":1,"8":3,"9":3,"10":3,"11":3,"12":9,"13":9,"14":9,"15":1,"16":1,"17":1,"18":1,"19":1,"20":1,"21":1,"22":1,"23":1,"24":1,"25":1,"26":1,"27":1,"28":1,"29":3,"30":2,"31":2,"32":2,"33":2,"34":2,"35":1,"36":2,"37":6,"38":6,"39":6},"f":{"0":2,"1":4,"2":9,"3":6},"b":{"0":[1,3],"1":[1,1,1,1,3,2],"2":[2,1],"3":[3,2],"4":[6,4]}}
,"/Users/mia/Desktop/app/todo_app/src/lib/filterUtils.ts": {"path":"/Users/mia/Desktop/app/todo_app/src/lib/filterUtils.ts","statementMap":{"0":{"start":{"line":18,"column":0},"end":{"line":18,"column":16}},"1":{"start":{"line":32,"column":0},"end":{"line":32,"column":16}},"2":{"start":{"line":40,"column":0},"end":{"line":40,"column":16}},"3":{"start":{"line":65,"column":0},"end":{"line":65,"column":16}},"4":{"start":{"line":84,"column":0},"end":{"line":84,"column":16}},"5":{"start":{"line":10,"column":0},"end":{"line":10,"column":58}},"6":{"start":{"line":11,"column":0},"end":{"line":11,"column":null}},"7":{"start":{"line":19,"column":2},"end":{"line":19,"column":27}},"8":{"start":{"line":19,"column":14},"end":{"line":19,"column":27}},"9":{"start":{"line":21,"column":21},"end":{"line":21,"column":40}},"10":{"start":{"line":22,"column":2},"end":{"line":26,"column":4}},"11":{"start":{"line":24,"column":6},"end":{"line":25,"column":52}},"12":{"start":{"line":33,"column":2},"end":{"line":33,"column":36}},"13":{"start":{"line":33,"column":23},"end":{"line":33,"column":36}},"14":{"start":{"line":34,"column":2},"end":{"line":34,"column":54}},"15":{"start":{"line":34,"column":32},"end":{"line":34,"column":52}},"16":{"start":{"line":46,"column":2},"end":{"line":46,"column":41}},"17":{"start":{"line":46,"column":28},"end":{"line":46,"column":41}},"18":{"start":{"line":48,"column":20},"end":{"line":48,"column":73}},"19":{"start":{"line":49,"column":2},"end":{"line":49,"column":31}},"20":{"start":{"line":49,"column":18},"end":{"line":49,"column":31}},"21":{"start":{"line":51,"column":17},"end":{"line":51,"column":79}},"22":{"start":{"line":51,"column":40},"end":{"line":51,"column":78}},"23":{"start":{"line":54,"column":2},"end":{"line":56,"column":3}},"24":{"start":{"line":55,"column":4},"end":{"line":55,"column":72}},"25":{"start":{"line":55,"column":41},"end":{"line":55,"column":70}},"26":{"start":{"line":58,"column":2},"end":{"line":58,"column":18}},"27":{"start":{"line":66,"column":15},"end":{"line":66,"column":20}},"28":{"start":{"line":69,"column":2},"end":{"line":69,"column":55}},"29":{"start":{"line":70,"column":2},"end":{"line":70,"column":54}},"30":{"start":{"line":71,"column":2},"end":{"line":76,"column":4}},"31":{"start":{"line":78,"column":2},"end":{"line":78,"column":16}},"32":{"start":{"line":85,"column":2},"end":{"line":90,"column":4}},"33":{"start":{"line":87,"column":42},"end":{"line":87,"column":68}},"34":{"start":{"line":88,"column":49},"end":{"line":88,"column":82}},"35":{"start":{"line":89,"column":42},"end":{"line":89,"column":68}}},"fnMap":{"0":{"name":"filterBySearch","decl":{"start":{"line":18,"column":16},"end":{"line":18,"column":30}},"loc":{"start":{"line":18,"column":59},"end":{"line":27,"column":1}}},"1":{"name":"(anonymous_1)","decl":{"start":{"line":23,"column":4},"end":{"line":23,"column":5}},"loc":{"start":{"line":24,"column":6},"end":{"line":25,"column":52}}},"2":{"name":"filterByState","decl":{"start":{"line":32,"column":16},"end":{"line":32,"column":29}},"loc":{"start":{"line":32,"column":58},"end":{"line":35,"column":1}}},"3":{"name":"(anonymous_3)","decl":{"start":{"line":34,"column":22},"end":{"line":34,"column":23}},"loc":{"start":{"line":34,"column":32},"end":{"line":34,"column":52}}},"4":{"name":"filterByDate","decl":{"start":{"line":40,"column":16},"end":{"line":40,"column":28}},"loc":{"start":{"line":44,"column":19},"end":{"line":59,"column":1}}},"5":{"name":"(anonymous_5)","decl":{"start":{"line":51,"column":30},"end":{"line":51,"column":31}},"loc":{"start":{"line":51,"column":40},"end":{"line":51,"column":78}}},"6":{"name":"(anonymous_6)","decl":{"start":{"line":55,"column":31},"end":{"line":55,"column":32}},"loc":{"start":{"line":55,"column":41},"end":{"line":55,"column":70}}},"7":{"name":"applyAllFilters","decl":{"start":{"line":65,"column":16},"end":{"line":65,"column":31}},"loc":{"start":{"line":65,"column":67},"end":{"line":79,"column":1}}},"8":{"name":"calculateStats","decl":{"start":{"line":84,"column":16},"end":{"line":84,"column":30}},"loc":{"start":{"line":84,"column":44},"end":{"line":91,"column":1}}},"9":{"name":"(anonymous_9)","decl":{"start":{"line":87,"column":35},"end":{"line":87,"column":36}},"loc":{"start":{"line":87,"column":42},"end":{"line":87,"column":68}}},"10":{"name":"(anonymous_10)","decl":{"start":{"line":88,"column":42},"end":{"line":88,"column":43}},"loc":{"start":{"line":88,"column":49},"end":{"line":88,"column":82}}},"11":{"name":"(anonymous_11)","decl":{"start":{"line":89,"column":35},"end":{"line":89,"column":36}},"loc":{"start":{"line":89,"column":42},"end":{"line":89,"column":68}}}},"branchMap":{"0":{"loc":{"start":{"line":19,"column":2},"end":{"line":19,"column":27}},"type":"if","locations":[{"start":{"line":19,"column":2},"end":{"line":19,"column":27}},{"start":{},"end":{}}]},"1":{"loc":{"start":{"line":24,"column":6},"end":{"line":25,"column":52}},"type":"binary-expr","locations":[{"start":{"line":24,"column":6},"end":{"line":24,"column":57}},{"start":{"line":25,"column":6},"end":{"line":25,"column":52}}]},"2":{"loc":{"start":{"line":33,"column":2},"end":{"line":33,"column":36}},"type":"if","locations":[{"start":{"line":33,"column":2},"end":{"line":33,"column":36}},{"start":{},"end":{}}]},"3":{"loc":{"start":{"line":46,"column":2},"end":{"line":46,"column":41}},"type":"if","locations":[{"start":{"line":46,"column":2},"end":{"line":46,"column":41}},{"start":{},"end":{}}]},"4":{"loc":{"start":{"line":49,"column":2},"end":{"line":49,"column":31}},"type":"if","locations":[{"start":{"line":49,"column":2},"end":{"line":49,"column":31}},{"start":{},"end":{}}]},"5":{"loc":{"start":{"line":54,"column":2},"end":{"line":56,"column":3}},"type":"if","locations":[{"start":{"line":54,"column":2},"end":{"line":56,"column":3}},{"start":{},"end":{}}]}},"s":{"0":1,"1":1,"2":1,"3":1,"4":1,"5":1,"6":1,"7":5,"8":3,"9":2,"10":2,"11":6,"12":5,"13":4,"14":1,"15":3,"16":5,"17":4,"18":1,"19":1,"20":0,"21":1,"22":3,"23":1,"24":0,"25":0,"26":1,"27":5,"28":5,"29":5,"30":5,"31":5,"32":2,"33":3,"34":3,"35":3},"f":{"0":5,"1":6,"2":5,"3":3,"4":5,"5":3,"6":0,"7":5,"8":2,"9":3,"10":3,"11":3},"b":{"0":[3,2],"1":[6,5],"2":[4,1],"3":[4,1],"4":[0,1],"5":[0,1]}}
,"/Users/mia/Desktop/app/todo_app/src/types/todo.ts": {"path":"/Users/mia/Desktop/app/todo_app/src/types/todo.ts","statementMap":{"0":{"start":{"line":13,"column":0},"end":{"line":13,"column":null}},"1":{"start":{"line":14,"column":2},"end":{"line":14,"column":null}},"2":{"start":{"line":15,"column":2},"end":{"line":15,"column":null}},"3":{"start":{"line":16,"column":2},"end":{"line":16,"column":null}},"4":{"start":{"line":23,"column":0},"end":{"line":23,"column":null}},"5":{"start":{"line":24,"column":2},"end":{"line":24,"column":null}},"6":{"start":{"line":25,"column":2},"end":{"line":25,"column":null}},"7":{"start":{"line":45,"column":0},"end":{"line":45,"column":null}},"8":{"start":{"line":46,"column":2},"end":{"line":46,"column":null}},"9":{"start":{"line":47,"column":2},"end":{"line":47,"column":null}},"10":{"start":{"line":48,"column":2},"end":{"line":48,"column":null}},"11":{"start":{"line":49,"column":2},"end":{"line":49,"column":null}},"12":{"start":{"line":50,"column":2},"end":{"line":50,"column":null}},"13":{"start":{"line":51,"column":2},"end":{"line":51,"column":null}},"14":{"start":{"line":58,"column":0},"end":{"line":58,"column":null}},"15":{"start":{"line":59,"column":2},"end":{"line":59,"column":null}},"16":{"start":{"line":60,"column":2},"end":{"line":60,"column":null}},"17":{"start":{"line":61,"column":2},"end":{"line":61,"column":null}},"18":{"start":{"line":62,"column":2},"end":{"line":62,"column":null}}},"fnMap":{"0":{"name":"(anonymous_0)","decl":{"start":{"line":13,"column":0},"end":{"line":13,"column":12}},"loc":{"start":{"line":13,"column":21},"end":{"line":17,"column":1}}},"1":{"name":"(anonymous_1)","decl":{"start":{"line":23,"column":0},"end":{"line":23,"column":12}},"loc":{"start":{"line":23,"column":20},"end":{"line":26,"column":1}}},"2":{"name":"(anonymous_2)","decl":{"start":{"line":45,"column":0},"end":{"line":45,"column":12}},"loc":{"start":{"line":45,"column":28},"end":{"line":52,"column":1}}},"3":{"name":"(anonymous_3)","decl":{"start":{"line":58,"column":0},"end":{"line":58,"column":12}},"loc":{"start":{"line":58,"column":29},"end":{"line":63,"column":1}}}},"branchMap":{"0":{"loc":{"start":{"line":13,"column":12},"end":{"line":13,"column":null}},"type":"binary-expr","locations":[{"start":{"line":13,"column":12},"end":{"line":13,"column":21}},{"start":{"line":13,"column":21},"end":{"line":13,"column":null}}]},"1":{"loc":{"start":{"line":23,"column":12},"end":{"line":23,"column":null}},"type":"binary-expr","locations":[{"start":{"line":23,"column":12},"end":{"line":23,"column":20}},{"start":{"line":23,"column":20},"end":{"line":23,"column":null}}]},"2":{"loc":{"start":{"line":45,"column":12},"end":{"line":45,"column":null}},"type":"binary-expr","locations":[{"start":{"line":45,"column":12},"end":{"line":45,"column":28}},{"start":{"line":45,"column":28},"end":{"line":45,"column":null}}]},"3":{"loc":{"start":{"line":58,"column":12},"end":{"line":58,"column":null}},"type":"binary-expr","locations":[{"start":{"line":58,"column":12},"end":{"line":58,"column":29}},{"start":{"line":58,"column":29},"end":{"line":58,"column":null}}]}},"s":{"0":2,"1":2,"2":2,"3":2,"4":2,"5":2,"6":2,"7":2,"8":2,"9":2,"10":2,"11":2,"12":2,"13":2,"14":2,"15":2,"16":2,"17":2,"18":2},"f":{"0":2,"1":2,"2":2,"3":2},"b":{"0":[2,2],"1":[2,2],"2":[2,2],"3":[2,2]}}
}
