TN:
SF:src/components/todo/TodoForm.tsx
FN:39,TodoForm
FN:54,(anonymous_1)
FN:71,(anonymous_2)
FN:100,(anonymous_3)
FN:114,(anonymous_4)
FN:130,(anonymous_5)
FN:142,(anonymous_6)
FN:164,(anonymous_7)
FNF:8
FNH:7
FNDA:47,TodoForm
FNDA:6,(anonymous_1)
FNDA:1,(anonymous_2)
FNDA:9,(anonymous_3)
FNDA:24,(anonymous_4)
FNDA:2,(anonymous_5)
FNDA:0,(anonymous_6)
FNDA:1,(anonymous_7)
DA:11,1
DA:12,1
DA:19,1
DA:20,1
DA:21,1
DA:22,1
DA:29,1
DA:30,1
DA:39,1
DA:45,47
DA:54,47
DA:55,6
DA:56,1
DA:61,5
DA:71,47
DA:72,1
DA:75,1
DA:76,0
DA:79,1
DA:80,1
DA:83,47
DA:101,9
DA:115,24
DA:131,2
DA:143,0
DA:164,1
LF:26
LH:24
BRDA:55,0,0,1
BRDA:55,0,1,5
BRDA:75,1,0,0
BRDA:75,1,1,1
BRDA:75,2,0,1
BRDA:75,2,1,1
BRDA:75,2,2,1
BRDA:88,3,0,2
BRDA:88,3,1,45
BRDA:168,4,0,2
BRDA:168,4,1,45
BRF:11
BRH:10
end_of_record
TN:
SF:src/components/ui/button.tsx
FN:37,Button
FNF:1
FNH:1
FNDA:94,Button
DA:2,1
DA:3,1
DA:5,1
DA:7,1
DA:47,94
DA:49,94
DA:58,1
LF:7
LH:7
BRDA:41,0,0,94
BRDA:47,1,0,0
BRDA:47,1,1,94
BRF:3
BRH:2
end_of_record
TN:
SF:src/components/ui/dialog.tsx
FN:9,Dialog
FN:15,DialogTrigger
FN:21,DialogPortal
FN:27,DialogClose
FN:33,DialogOverlay
FN:49,DialogContent
FN:75,DialogHeader
FN:85,DialogFooter
FN:98,DialogTitle
FN:111,DialogDescription
FNF:10
FNH:7
FNDA:47,Dialog
FNDA:0,DialogTrigger
FNDA:47,DialogPortal
FNDA:0,DialogClose
FNDA:47,DialogOverlay
FNDA:47,DialogContent
FNDA:47,DialogHeader
FNDA:47,DialogFooter
FNDA:47,DialogTitle
FNDA:0,DialogDescription
DA:4,1
DA:5,1
DA:7,1
DA:12,47
DA:18,0
DA:24,47
DA:30,0
DA:37,47
DA:54,47
DA:76,47
DA:86,47
DA:102,47
DA:115,0
DA:125,1
DA:126,1
DA:127,1
DA:128,1
DA:129,1
DA:130,1
DA:131,1
DA:132,1
DA:133,1
DA:134,1
LF:23
LH:20
BRF:0
BRH:0
end_of_record
TN:
SF:src/components/ui/input.tsx
FN:5,Input
FNF:1
FNH:1
FNDA:94,Input
DA:3,1
DA:6,94
DA:21,1
LF:3
LH:3
BRF:0
BRH:0
end_of_record
TN:
SF:src/components/ui/label.tsx
FN:8,Label
FNF:1
FNH:1
FNDA:188,Label
DA:4,1
DA:6,1
DA:12,188
DA:24,1
LF:4
LH:4
BRF:0
BRH:0
end_of_record
TN:
SF:src/components/ui/select.tsx
FN:9,Select
FN:15,SelectGroup
FN:21,SelectValue
FN:27,SelectTrigger
FN:53,SelectContent
FN:88,SelectLabel
FN:101,SelectItem
FN:125,SelectSeparator
FN:138,SelectScrollUpButton
FN:156,SelectScrollDownButton
FNF:10
FNH:7
FNDA:47,Select
FNDA:0,SelectGroup
FNDA:47,SelectValue
FNDA:47,SelectTrigger
FNDA:47,SelectContent
FNDA:0,SelectLabel
FNDA:141,SelectItem
FNDA:0,SelectSeparator
FNDA:47,SelectScrollUpButton
FNDA:47,SelectScrollDownButton
DA:4,1
DA:5,1
DA:7,1
DA:12,47
DA:18,0
DA:24,47
DA:35,47
DA:59,47
DA:92,0
DA:106,141
DA:129,0
DA:142,47
DA:160,47
DA:175,1
DA:176,1
DA:177,1
DA:178,1
DA:179,1
DA:180,1
DA:181,1
DA:182,1
DA:183,1
DA:184,1
LF:23
LH:20
BRDA:29,0,0,47
BRDA:56,1,0,47
BRDA:65,2,0,47
BRDA:65,2,1,47
BRDA:76,3,0,47
BRDA:76,3,1,47
BRF:6
BRH:6
end_of_record
TN:
SF:src/components/ui/textarea.tsx
FN:5,Textarea
FNF:1
FNH:1
FNDA:47,Textarea
DA:3,1
DA:6,47
DA:18,1
LF:3
LH:3
BRF:0
BRH:0
end_of_record
TN:
SF:src/components/ui/utils.ts
FN:4,cn
FNF:1
FNH:1
FNDA:1034,cn
DA:1,1
DA:2,1
DA:4,1
DA:5,1034
LF:4
LH:4
BRF:0
BRH:0
end_of_record
TN:
SF:src/lib/dateUtils.ts
FN:19,formatDate
FN:31,isOverdue
FN:45,getDateRange
FN:99,isDateInRange
FNF:4
FNH:4
FNDA:2,formatDate
FNDA:4,isOverdue
FNDA:9,getDateRange
FNDA:6,isDateInRange
DA:19,2
DA:20,2
DA:21,2
DA:31,2
DA:32,4
DA:34,3
DA:35,3
DA:36,3
DA:38,3
DA:45,2
DA:50,9
DA:51,9
DA:53,9
DA:55,1
DA:56,1
DA:57,1
DA:61,1
DA:62,1
DA:63,1
DA:64,1
DA:68,1
DA:69,1
DA:70,1
DA:74,1
DA:75,1
DA:76,1
DA:77,1
DA:81,3
DA:82,2
DA:83,2
DA:84,2
DA:85,2
DA:86,2
DA:88,1
DA:92,2
DA:99,2
DA:100,6
DA:101,6
DA:102,6
LF:39
LH:39
BRDA:32,0,0,1
BRDA:32,0,1,3
BRDA:53,1,0,1
BRDA:53,1,1,1
BRDA:53,1,2,1
BRDA:53,1,3,1
BRDA:53,1,4,3
BRDA:53,1,5,2
BRDA:81,2,0,2
BRDA:81,2,1,1
BRDA:81,3,0,3
BRDA:81,3,1,2
BRDA:102,4,0,6
BRDA:102,4,1,4
BRF:14
BRH:14
end_of_record
TN:
SF:src/lib/filterUtils.ts
FN:18,filterBySearch
FN:23,(anonymous_1)
FN:32,filterByState
FN:34,(anonymous_3)
FN:40,filterByDate
FN:51,(anonymous_5)
FN:55,(anonymous_6)
FN:65,applyAllFilters
FN:84,calculateStats
FN:87,(anonymous_9)
FN:88,(anonymous_10)
FN:89,(anonymous_11)
FNF:12
FNH:11
FNDA:5,filterBySearch
FNDA:6,(anonymous_1)
FNDA:5,filterByState
FNDA:3,(anonymous_3)
FNDA:5,filterByDate
FNDA:3,(anonymous_5)
FNDA:0,(anonymous_6)
FNDA:5,applyAllFilters
FNDA:2,calculateStats
FNDA:3,(anonymous_9)
FNDA:3,(anonymous_10)
FNDA:3,(anonymous_11)
DA:10,1
DA:11,1
DA:18,1
DA:19,5
DA:21,2
DA:22,2
DA:24,6
DA:32,1
DA:33,5
DA:34,3
DA:40,1
DA:46,5
DA:48,1
DA:49,1
DA:51,3
DA:54,1
DA:55,0
DA:58,1
DA:65,1
DA:66,5
DA:69,5
DA:70,5
DA:71,5
DA:78,5
DA:84,1
DA:85,2
DA:87,3
DA:88,3
DA:89,3
LF:29
LH:28
BRDA:19,0,0,3
BRDA:19,0,1,2
BRDA:24,1,0,6
BRDA:24,1,1,5
BRDA:33,2,0,4
BRDA:33,2,1,1
BRDA:46,3,0,4
BRDA:46,3,1,1
BRDA:49,4,0,0
BRDA:49,4,1,1
BRDA:54,5,0,0
BRDA:54,5,1,1
BRF:12
BRH:10
end_of_record
TN:
SF:src/types/todo.ts
FN:13,(anonymous_0)
FN:23,(anonymous_1)
FN:45,(anonymous_2)
FN:58,(anonymous_3)
FNF:4
FNH:4
FNDA:2,(anonymous_0)
FNDA:2,(anonymous_1)
FNDA:2,(anonymous_2)
FNDA:2,(anonymous_3)
DA:13,2
DA:14,2
DA:15,2
DA:16,2
DA:23,2
DA:24,2
DA:25,2
DA:45,2
DA:46,2
DA:47,2
DA:48,2
DA:49,2
DA:50,2
DA:51,2
DA:58,2
DA:59,2
DA:60,2
DA:61,2
DA:62,2
LF:19
LH:19
BRDA:13,0,0,2
BRDA:13,0,1,2
BRDA:23,1,0,2
BRDA:23,1,1,2
BRDA:45,2,0,2
BRDA:45,2,1,2
BRDA:58,3,0,2
BRDA:58,3,1,2
BRF:8
BRH:8
end_of_record
